<?xml version="1.0" encoding="UTF-8"?>
<!-- Generated by org.testng.reporters.JUnitXMLReporter -->
<testsuite ignored="0" hostname="LAPTOP-SDVCEDF4" failures="0" tests="5" name="create work" time="2.765" errors="0" timestamp="2023-02-24T20:09:42 ICT">
  <testcase classname="com.api.auto.testcase.TC_API_CreateWork" name="TC01_Validate201Created" time="0.003"/>
  <testcase classname="com.api.auto.testcase.TC_API_CreateWork" name="TC02_ValidateWorkId" time="0.004"/>
  <testcase classname="com.api.auto.testcase.TC_API_CreateWork" name="TC03_ValidateNameOfWorkMatched" time="0.085"/>
  <testcase classname="com.api.auto.testcase.TC_API_CreateWork" name="TC03_ValidateExperienceMatched" time="0.058"/>
  <testcase classname="com.api.auto.testcase.TC_API_CreateWork" name="TC03_ValidateEducationMatched" time="0.051"/>
</testsuite> <!-- create work -->
