<?xml version="1.0" encoding="UTF-8"?>
<!-- Generated by org.testng.reporters.JUnitXMLReporter -->
<testsuite ignored="0" hostname="LAPTOP-SDVCEDF4" failures="1" tests="5" name="login" time="15.02" errors="0" timestamp="2023-02-24T20:09:39 ICT">
  <testcase classname="com.api.auto.testcase.TC_API_Login" name="TC01_Validate200Ok" time="0.023"/>
  <testcase classname="com.api.auto.testcase.TC_API_Login" name="TC02_ValidateMessage" time="1.89"/>
  <testcase classname="com.api.auto.testcase.TC_API_Login" name="TC03_ValidateToken" time="0.06"/>
  <testcase classname="com.api.auto.testcase.TC_API_Login" name="TC05_ValidateUserType" time="0.042"/>
  <testcase classname="com.api.auto.testcase.TC_API_Login" name="TC06_ValidateAccount" time="0.065">
    <failure type="java.lang.AssertionError" message="trường password không khớp với password đăng nhặp expected [Abc13579hjk] but found [Abc13579]">
      <![CDATA[java.lang.AssertionError: trường password không khớp với password đăng nhặp expected [Abc13579hjk] but found [Abc13579]
at com.api.auto.testcase.TC_API_Login.TC06_ValidateAccount(TC_API_Login.java:89)
at java.base/java.util.ArrayList.forEach(ArrayList.java:1511)
... Removed 32 stack frames]]>
    </failure>
  </testcase> <!-- TC06_ValidateAccount -->
</testsuite> <!-- login -->
